25.07.2017|00:13:21| Принято сообщение от ВК: {"type":"message_new","object":{"id":73,"date":1500930557,"out":0,"user_id":219981829,"read_state":0,"title":" ... ","body":"привет"},"group_id":150773608,"secret":"privettebeotdyadykuziunegohrennapuze"}|
25.07.2017|00:13:21| Отправлен ответ: {"response":87}|
25.07.2017|00:13:40| Принято сообщение от ВК: {"type":"message_new","object":{"id":78,"date":1500930573,"out":0,"user_id":219981829,"read_state":0,"title":" ... ","body":"регистрация dastanaron 9f9lo7wW"},"group_id":150773608,"secret":"privettebeotdyadykuziunegohrennapuze"}|
25.07.2017|00:13:41| Отправлен ответ о том, что пользователь уже был зарегестрирован: {"response":88}|
25.07.2017|00:18:33| Принято сообщение от ВК: {"type":"message_new","object":{"id":57,"date":1500930269,"out":0,"user_id":219981829,"read_state":0,"title":" ... ","body":"привет"},"group_id":150773608,"secret":"privettebeotdyadykuziunegohrennapuze"}|
25.07.2017|00:18:33| Отправлен ответ: {"response":89}|
25.07.2017|00:20:24| Принято сообщение от ВК: {"type":"message_new","object":{"id":58,"date":1500930380,"out":0,"user_id":219981829,"read_state":0,"title":" ... ","body":"привет"},"group_id":150773608,"secret":"privettebeotdyadykuziunegohrennapuze"}|
25.07.2017|00:20:24| Отправлен ответ: {"response":90}|
25.07.2017|00:20:40| Принято сообщение от ВК: {"type":"message_new","object":{"id":61,"date":1500930393,"out":0,"user_id":219981829,"read_state":0,"title":" ... ","body":"регистрация dastanaron 9f9lo7wW"},"group_id":150773608,"secret":"privettebeotdyadykuziunegohrennapuze"}|
25.07.2017|00:20:41| Отправлен ответ о том, что пользователь уже был зарегестрирован: {"response":91}|
25.07.2017|00:22:21| Принято сообщение от ВК: {"type":"message_new","object":{"id":66,"date":1500930495,"out":0,"user_id":219981829,"read_state":0,"title":" ... ","body":"регистрация dastanaron 9f9lo7wW"},"group_id":150773608,"secret":"privettebeotdyadykuziunegohrennapuze"}|
25.07.2017|00:22:22| Отправлен ответ о том, что пользователь уже был зарегестрирован: {"response":92}|
25.07.2017|00:22:31| Принято сообщение от ВК: {"type":"message_new","object":{"id":69,"date":1500930504,"out":0,"user_id":219981829,"read_state":0,"title":" ... ","body":"регистрация dastanaron 9f9lo7wW"},"group_id":150773608,"secret":"privettebeotdyadykuziunegohrennapuze"}|
25.07.2017|00:22:32| Отправлен ответ о том, что пользователь уже был зарегестрирован: {"response":93}|
25.07.2017|00:23:20| Принято сообщение от ВК: {"type":"message_new","object":{"id":73,"date":1500930557,"out":0,"user_id":219981829,"read_state":0,"title":" ... ","body":"привет"},"group_id":150773608,"secret":"privettebeotdyadykuziunegohrennapuze"}|
25.07.2017|00:23:20| Отправлен ответ: {"response":94}|
25.07.2017|00:23:40| Принято сообщение от ВК: {"type":"message_new","object":{"id":78,"date":1500930573,"out":0,"user_id":219981829,"read_state":0,"title":" ... ","body":"регистрация dastanaron 9f9lo7wW"},"group_id":150773608,"secret":"privettebeotdyadykuziunegohrennapuze"}|
25.07.2017|00:23:41| Отправлен ответ о том, что пользователь уже был зарегестрирован: {"response":95}|
25.07.2017|00:48:22| Принято сообщение от ВК: {"type":"message_new","object":{"id":50,"date":1500926659,"out":0,"user_id":219981829,"read_state":0,"title":" ... ","body":"Привет"},"group_id":150773608,"secret":"privettebeotdyadykuziunegohrennapuze"}|
25.07.2017|00:48:33| Принято сообщение от ВК: {"type":"message_new","object":{"id":51,"date":1500926668,"out":0,"user_id":219981829,"read_state":0,"title":" ... ","body":"привет"},"group_id":150773608,"secret":"privettebeotdyadykuziunegohrennapuze"}|
25.07.2017|00:48:33| Отправлен ответ: {"response":96}|
25.07.2017|00:48:34| Принято сообщение от ВК: {"type":"message_new","object":{"id":57,"date":1500930269,"out":0,"user_id":219981829,"read_state":0,"title":" ... ","body":"привет"},"group_id":150773608,"secret":"privettebeotdyadykuziunegohrennapuze"}|
25.07.2017|00:48:34| Отправлен ответ: {"response":97}|
